#-----------------------------------------------------------
# Vivado v2018.3 (64-bit)
# SW Build 2405991 on Thu Dec  6 23:38:27 MST 2018
# IP Build 2404404 on Fri Dec  7 01:43:56 MST 2018
# Start of session at: Fri Jan  8 13:22:13 2021
# Process ID: 2596
# Current directory: D:/BELGELER/PROJERLER/VVADO/VERLOG/ders3
# Command line: vivado.exe -gui_launcher_event rodinguilauncherevent1304 D:\BELGELER\PROJERLER\VVADO\VERLOG\ders3\ders3.xpr
# Log file: D:/BELGELER/PROJERLER/VVADO/VERLOG/ders3/vivado.log
# Journal file: D:/BELGELER/PROJERLER/VVADO/VERLOG/ders3\vivado.jou
#-----------------------------------------------------------
start_gui
open_project D:/BELGELER/PROJERLER/VVADO/VERLOG/ders3/ders3.xpr
Scanning sources...
Finished scanning sources
INFO: [IP_Flow 19-234] Refreshing IP repositories
INFO: [IP_Flow 19-1704] No user IP repositories specified
INFO: [IP_Flow 19-2313] Loaded Vivado IP repository 'C:/Xilinx/Vivado/2018.3/data/ip'.
open_project: Time (s): cpu = 00:00:14 ; elapsed = 00:00:06 . Memory (MB): peak = 703.105 ; gain = 108.512
update_compile_order -fileset sources_1
exit
INFO: [Common 17-206] Exiting Vivado at Fri Jan  8 13:23:00 2021...
