#-----------------------------------------------------------
# Vivado v2018.2 (64-bit)
# SW Build 2258646 on Thu Jun 14 20:03:12 MDT 2018
# IP Build 2256618 on Thu Jun 14 22:10:49 MDT 2018
# Start of session at: Mon Jan 18 13:42:50 2021
# Process ID: 9712
# Current directory: D:/BELGELER/PROJERLER/VVADO/VERLOG/state_machine
# Command line: vivado.exe -gui_launcher_event rodinguilauncherevent14140 D:\BELGELER\PROJERLER\VVADO\VERLOG\state_machine\state_machine.xpr
# Log file: D:/BELGELER/PROJERLER/VVADO/VERLOG/state_machine/vivado.log
# Journal file: D:/BELGELER/PROJERLER/VVADO/VERLOG/state_machine\vivado.jou
#-----------------------------------------------------------
start_gui
open_project D:/BELGELER/PROJERLER/VVADO/VERLOG/state_machine/state_machine.xpr
Scanning sources...
Finished scanning sources
INFO: [IP_Flow 19-234] Refreshing IP repositories
INFO: [IP_Flow 19-1704] No user IP repositories specified
INFO: [IP_Flow 19-2313] Loaded Vivado IP repository 'C:/Xilinxxx/Vivado/2018.2/data/ip'.
open_project: Time (s): cpu = 00:00:13 ; elapsed = 00:00:07 . Memory (MB): peak = 846.305 ; gain = 124.500
update_compile_order -fileset sources_1
exit
INFO: [Common 17-206] Exiting Vivado at Mon Jan 18 14:21:27 2021...
