#-----------------------------------------------------------
# Vivado v2018.2 (64-bit)
# SW Build 2258646 on Thu Jun 14 20:03:12 MDT 2018
# IP Build 2256618 on Thu Jun 14 22:10:49 MDT 2018
# Start of session at: Mon Jan 18 14:28:33 2021
# Process ID: 4448
# Current directory: D:/BELGELER/PROJERLER/VVADO/VERLOG/mux2to_1
# Command line: vivado.exe -gui_launcher_event rodinguilauncherevent13632 D:\BELGELER\PROJERLER\VVADO\VERLOG\mux2to_1\mux2to_1.xpr
# Log file: D:/BELGELER/PROJERLER/VVADO/VERLOG/mux2to_1/vivado.log
# Journal file: D:/BELGELER/PROJERLER/VVADO/VERLOG/mux2to_1\vivado.jou
#-----------------------------------------------------------
start_gui
open_project D:/BELGELER/PROJERLER/VVADO/VERLOG/mux2to_1/mux2to_1.xpr
Scanning sources...
Finished scanning sources
WARNING: [Project 1-231] Project 'mux2to_1.xpr' was created with a future version and may or may not perform reliably with this version of Vivado. It has been opened in read-only mode for the protection of unrecognized data. Use 'File | Save Project As...' if you wish to alter a copy of the project.
INFO: [IP_Flow 19-234] Refreshing IP repositories
INFO: [IP_Flow 19-1704] No user IP repositories specified
INFO: [IP_Flow 19-2313] Loaded Vivado IP repository 'C:/Xilinxxx/Vivado/2018.2/data/ip'.
open_project: Time (s): cpu = 00:00:13 ; elapsed = 00:00:07 . Memory (MB): peak = 877.223 ; gain = 162.570
update_compile_order -fileset sources_1
exit
INFO: [Common 17-206] Exiting Vivado at Mon Jan 18 14:29:53 2021...
