#-----------------------------------------------------------
# Vivado v2018.3 (64-bit)
# SW Build 2405991 on Thu Dec  6 23:38:27 MST 2018
# IP Build 2404404 on Fri Dec  7 01:43:56 MST 2018
# Start of session at: Tue Jan  5 20:34:17 2021
# Process ID: 10084
# Current directory: D:/BELGELER/PROJERLER/VVADO/VERLOG/mux2to_1
# Command line: vivado.exe -gui_launcher_event rodinguilauncherevent10792 D:\BELGELER\PROJERLER\VVADO\VERLOG\mux2to_1\mux2to_1.xpr
# Log file: D:/BELGELER/PROJERLER/VVADO/VERLOG/mux2to_1/vivado.log
# Journal file: D:/BELGELER/PROJERLER/VVADO/VERLOG/mux2to_1\vivado.jou
#-----------------------------------------------------------
start_gui
open_project D:/BELGELER/PROJERLER/VVADO/VERLOG/mux2to_1/mux2to_1.xpr
Scanning sources...
Finished scanning sources
INFO: [IP_Flow 19-234] Refreshing IP repositories
INFO: [IP_Flow 19-1704] No user IP repositories specified
INFO: [IP_Flow 19-2313] Loaded Vivado IP repository 'C:/Xilinx/Vivado/2018.3/data/ip'.
open_project: Time (s): cpu = 00:00:15 ; elapsed = 00:00:07 . Memory (MB): peak = 737.176 ; gain = 146.578
update_compile_order -fileset sources_1
synth_design -rtl -name rtl_1
Command: synth_design -rtl -name rtl_1
Starting synth_design
Using part: xc7a35tcpg236-1
Top: counter_4bit
---------------------------------------------------------------------------------
Starting RTL Elaboration : Time (s): cpu = 00:00:04 ; elapsed = 00:00:03 . Memory (MB): peak = 811.008 ; gain = 73.832
---------------------------------------------------------------------------------
INFO: [Synth 8-6157] synthesizing module 'counter_4bit' [D:/BELGELER/PROJERLER/VVADO/VERLOG/mux2to_1/mux2to_1.srcs/sources_1/new/counter_4bit.v:23]
INFO: [Synth 8-6155] done synthesizing module 'counter_4bit' (1#1) [D:/BELGELER/PROJERLER/VVADO/VERLOG/mux2to_1/mux2to_1.srcs/sources_1/new/counter_4bit.v:23]
---------------------------------------------------------------------------------
Finished RTL Elaboration : Time (s): cpu = 00:00:04 ; elapsed = 00:00:03 . Memory (MB): peak = 836.574 ; gain = 99.398
---------------------------------------------------------------------------------

Report Check Netlist: 
+------+------------------+-------+---------+-------+------------------+
|      |Item              |Errors |Warnings |Status |Description       |
+------+------------------+-------+---------+-------+------------------+
|1     |multi_driven_nets |      0|        0|Passed |Multi driven nets |
+------+------------------+-------+---------+-------+------------------+
---------------------------------------------------------------------------------
Start Handling Custom Attributes
---------------------------------------------------------------------------------
---------------------------------------------------------------------------------
Finished Handling Custom Attributes : Time (s): cpu = 00:00:04 ; elapsed = 00:00:04 . Memory (MB): peak = 836.574 ; gain = 99.398
---------------------------------------------------------------------------------
---------------------------------------------------------------------------------
Finished RTL Optimization Phase 1 : Time (s): cpu = 00:00:04 ; elapsed = 00:00:04 . Memory (MB): peak = 836.574 ; gain = 99.398
---------------------------------------------------------------------------------
INFO: [Device 21-403] Loading part xc7a35tcpg236-1
INFO: [Project 1-570] Preparing netlist for logic optimization

Processing XDC Constraints
Initializing timing engine
Completed Processing XDC Constraints

INFO: [Opt 31-138] Pushed 0 inverter(s) to 0 load pin(s).
Netlist sorting complete. Time (s): cpu = 00:00:00 ; elapsed = 00:00:00 . Memory (MB): peak = 1085.723 ; gain = 0.000
INFO: [Project 1-111] Unisim Transformation Summary:
No Unisim elements were transformed.

RTL Elaboration Complete:  : Time (s): cpu = 00:00:24 ; elapsed = 00:00:15 . Memory (MB): peak = 1147.855 ; gain = 410.680
6 Infos, 0 Warnings, 0 Critical Warnings and 0 Errors encountered.
synth_design completed successfully
synth_design: Time (s): cpu = 00:00:24 ; elapsed = 00:00:15 . Memory (MB): peak = 1147.855 ; gain = 410.680
refresh_design
---------------------------------------------------------------------------------
Starting RTL Elaboration : Time (s): cpu = 00:00:02 ; elapsed = 00:00:03 . Memory (MB): peak = 1154.066 ; gain = 0.000
---------------------------------------------------------------------------------
INFO: [Synth 8-6157] synthesizing module 'counter_4bit' [D:/BELGELER/PROJERLER/VVADO/VERLOG/mux2to_1/mux2to_1.srcs/sources_1/new/counter_4bit.v:23]
INFO: [Synth 8-6155] done synthesizing module 'counter_4bit' (1#1) [D:/BELGELER/PROJERLER/VVADO/VERLOG/mux2to_1/mux2to_1.srcs/sources_1/new/counter_4bit.v:23]
---------------------------------------------------------------------------------
Finished RTL Elaboration : Time (s): cpu = 00:00:03 ; elapsed = 00:00:03 . Memory (MB): peak = 1195.086 ; gain = 41.020
---------------------------------------------------------------------------------

Report Check Netlist: 
+------+------------------+-------+---------+-------+------------------+
|      |Item              |Errors |Warnings |Status |Description       |
+------+------------------+-------+---------+-------+------------------+
|1     |multi_driven_nets |      0|        0|Passed |Multi driven nets |
+------+------------------+-------+---------+-------+------------------+
---------------------------------------------------------------------------------
Start Handling Custom Attributes
---------------------------------------------------------------------------------
---------------------------------------------------------------------------------
Finished Handling Custom Attributes : Time (s): cpu = 00:00:03 ; elapsed = 00:00:03 . Memory (MB): peak = 1195.168 ; gain = 41.102
---------------------------------------------------------------------------------
---------------------------------------------------------------------------------
Finished RTL Optimization Phase 1 : Time (s): cpu = 00:00:03 ; elapsed = 00:00:03 . Memory (MB): peak = 1195.168 ; gain = 41.102
---------------------------------------------------------------------------------
INFO: [Project 1-570] Preparing netlist for logic optimization

Processing XDC Constraints
Initializing timing engine
Completed Processing XDC Constraints

INFO: [Opt 31-138] Pushed 0 inverter(s) to 0 load pin(s).
refresh_design: Time (s): cpu = 00:00:16 ; elapsed = 00:00:09 . Memory (MB): peak = 1220.488 ; gain = 66.422
set_property SOURCE_SET sources_1 [get_filesets sim_1]
close [ open D:/BELGELER/PROJERLER/VVADO/VERLOG/mux2to_1/mux2to_1.srcs/sim_1/new/coounter_4bit_tb.v w ]
add_files -fileset sim_1 D:/BELGELER/PROJERLER/VVADO/VERLOG/mux2to_1/mux2to_1.srcs/sim_1/new/coounter_4bit_tb.v
update_compile_order -fileset sim_1
set_property top coounter_4bit_tb [get_filesets sim_1]
set_property top_lib xil_defaultlib [get_filesets sim_1]
update_compile_order -fileset sim_1
launch_simulation
INFO: [Vivado 12-5682] Launching behavioral simulation in 'D:/BELGELER/PROJERLER/VVADO/VERLOG/mux2to_1/mux2to_1.sim/sim_1/behav/xsim'
INFO: [SIM-utils-51] Simulation object is 'sim_1'
INFO: [SIM-utils-54] Inspecting design source files for 'coounter_4bit_tb' in fileset 'sim_1'...
INFO: [USF-XSim-97] Finding global include files...
INFO: [USF-XSim-98] Fetching design files from 'sim_1'...
INFO: [USF-XSim-2] XSim::Compile design
INFO: [USF-XSim-61] Executing 'COMPILE and ANALYZE' step in 'D:/BELGELER/PROJERLER/VVADO/VERLOG/mux2to_1/mux2to_1.sim/sim_1/behav/xsim'
"xvlog --incr --relax -prj coounter_4bit_tb_vlog.prj"
INFO: [VRFC 10-2263] Analyzing Verilog file "D:/BELGELER/PROJERLER/VVADO/VERLOG/mux2to_1/mux2to_1.srcs/sources_1/new/counter_4bit.v" into library xil_defaultlib
INFO: [VRFC 10-311] analyzing module counter_4bit
INFO: [VRFC 10-2263] Analyzing Verilog file "D:/BELGELER/PROJERLER/VVADO/VERLOG/mux2to_1/mux2to_1.srcs/sim_1/new/coounter_4bit_tb.v" into library xil_defaultlib
INFO: [VRFC 10-311] analyzing module coounter_4bit_tb
INFO: [USF-XSim-69] 'compile' step finished in '2' seconds
INFO: [USF-XSim-3] XSim::Elaborate design
INFO: [USF-XSim-61] Executing 'ELABORATE' step in 'D:/BELGELER/PROJERLER/VVADO/VERLOG/mux2to_1/mux2to_1.sim/sim_1/behav/xsim'
Vivado Simulator 2018.3
Copyright 1986-1999, 2001-2018 Xilinx, Inc. All Rights Reserved.
Running: C:/Xilinx/Vivado/2018.3/bin/unwrapped/win64.o/xelab.exe -wto ae698d297ad140e6abafb41e82e84d57 --incr --debug typical --relax --mt 2 -L xil_defaultlib -L unisims_ver -L unimacro_ver -L secureip --snapshot coounter_4bit_tb_behav xil_defaultlib.coounter_4bit_tb xil_defaultlib.glbl -log elaborate.log 
Using 2 slave threads.
Starting static elaboration
Completed static elaboration
Starting simulation data flow analysis
Completed simulation data flow analysis
Time Resolution for simulation is 1ps
Compiling module xil_defaultlib.counter_4bit
Compiling module xil_defaultlib.coounter_4bit_tb
Compiling module xil_defaultlib.glbl
Built simulation snapshot coounter_4bit_tb_behav

****** Webtalk v2018.3 (64-bit)
  **** SW Build 2405991 on Thu Dec  6 23:38:27 MST 2018
  **** IP Build 2404404 on Fri Dec  7 01:43:56 MST 2018
    ** Copyright 1986-2018 Xilinx, Inc. All Rights Reserved.

source D:/BELGELER/PROJERLER/VVADO/VERLOG/mux2to_1/mux2to_1.sim/sim_1/behav/xsim/xsim.dir/coounter_4bit_tb_behav/webtalk/xsim_webtalk.tcl -notrace
INFO: [Common 17-206] Exiting Webtalk at Tue Jan  5 21:24:56 2021...
run_program: Time (s): cpu = 00:00:00 ; elapsed = 00:00:06 . Memory (MB): peak = 1263.297 ; gain = 0.000
INFO: [USF-XSim-69] 'elaborate' step finished in '5' seconds
INFO: [USF-XSim-4] XSim::Simulate design
INFO: [USF-XSim-61] Executing 'SIMULATE' step in 'D:/BELGELER/PROJERLER/VVADO/VERLOG/mux2to_1/mux2to_1.sim/sim_1/behav/xsim'
INFO: [USF-XSim-98] *** Running xsim
   with args "coounter_4bit_tb_behav -key {Behavioral:sim_1:Functional:coounter_4bit_tb} -tclbatch {coounter_4bit_tb.tcl} -log {simulate.log}"
INFO: [USF-XSim-8] Loading simulator feature
Vivado Simulator 2018.3
Time resolution is 1 ps
source coounter_4bit_tb.tcl
# set curr_wave [current_wave_config]
# if { [string length $curr_wave] == 0 } {
#   if { [llength [get_objects]] > 0} {
#     add_wave /
#     set_property needs_save false [current_wave_config]
#   } else {
#      send_msg_id Add_Wave-1 WARNING "No top level signals found. Simulator will start without a wave window. If you want to open a wave window go to 'File->New Waveform Configuration' or type 'create_wave_config' in the TCL console."
#   }
# }
# run 1000ns
INFO: [USF-XSim-96] XSim completed. Design snapshot 'coounter_4bit_tb_behav' loaded.
INFO: [USF-XSim-97] XSim simulation ran for 1000ns
launch_simulation: Time (s): cpu = 00:00:08 ; elapsed = 00:00:12 . Memory (MB): peak = 1280.234 ; gain = 16.938
run 10 us
close_sim
INFO: [Simtcl 6-16] Simulation closed
refresh_design
---------------------------------------------------------------------------------
Starting RTL Elaboration : Time (s): cpu = 00:00:03 ; elapsed = 00:00:03 . Memory (MB): peak = 1288.680 ; gain = 0.000
---------------------------------------------------------------------------------
INFO: [Synth 8-6157] synthesizing module 'counter_4bit' [D:/BELGELER/PROJERLER/VVADO/VERLOG/mux2to_1/mux2to_1.srcs/sources_1/new/counter_4bit.v:23]
INFO: [Synth 8-6155] done synthesizing module 'counter_4bit' (1#1) [D:/BELGELER/PROJERLER/VVADO/VERLOG/mux2to_1/mux2to_1.srcs/sources_1/new/counter_4bit.v:23]
---------------------------------------------------------------------------------
Finished RTL Elaboration : Time (s): cpu = 00:00:04 ; elapsed = 00:00:03 . Memory (MB): peak = 1294.715 ; gain = 6.035
---------------------------------------------------------------------------------

Report Check Netlist: 
+------+------------------+-------+---------+-------+------------------+
|      |Item              |Errors |Warnings |Status |Description       |
+------+------------------+-------+---------+-------+------------------+
|1     |multi_driven_nets |      0|        0|Passed |Multi driven nets |
+------+------------------+-------+---------+-------+------------------+
---------------------------------------------------------------------------------
Start Handling Custom Attributes
---------------------------------------------------------------------------------
---------------------------------------------------------------------------------
Finished Handling Custom Attributes : Time (s): cpu = 00:00:04 ; elapsed = 00:00:03 . Memory (MB): peak = 1294.715 ; gain = 6.035
---------------------------------------------------------------------------------
---------------------------------------------------------------------------------
Finished RTL Optimization Phase 1 : Time (s): cpu = 00:00:04 ; elapsed = 00:00:03 . Memory (MB): peak = 1294.715 ; gain = 6.035
---------------------------------------------------------------------------------
INFO: [Project 1-570] Preparing netlist for logic optimization

Processing XDC Constraints
Initializing timing engine
Completed Processing XDC Constraints

INFO: [Opt 31-138] Pushed 0 inverter(s) to 0 load pin(s).
refresh_design: Time (s): cpu = 00:00:12 ; elapsed = 00:00:08 . Memory (MB): peak = 1648.043 ; gain = 359.363
launch_simulation
INFO: [Vivado 12-5682] Launching behavioral simulation in 'D:/BELGELER/PROJERLER/VVADO/VERLOG/mux2to_1/mux2to_1.sim/sim_1/behav/xsim'
INFO: [SIM-utils-51] Simulation object is 'sim_1'
INFO: [SIM-utils-54] Inspecting design source files for 'coounter_4bit_tb' in fileset 'sim_1'...
INFO: [USF-XSim-97] Finding global include files...
INFO: [USF-XSim-98] Fetching design files from 'sim_1'...
INFO: [USF-XSim-2] XSim::Compile design
INFO: [USF-XSim-61] Executing 'COMPILE and ANALYZE' step in 'D:/BELGELER/PROJERLER/VVADO/VERLOG/mux2to_1/mux2to_1.sim/sim_1/behav/xsim'
"xvlog --incr --relax -prj coounter_4bit_tb_vlog.prj"
INFO: [VRFC 10-2263] Analyzing Verilog file "D:/BELGELER/PROJERLER/VVADO/VERLOG/mux2to_1/mux2to_1.srcs/sources_1/new/counter_4bit.v" into library xil_defaultlib
INFO: [VRFC 10-311] analyzing module counter_4bit
INFO: [VRFC 10-2263] Analyzing Verilog file "D:/BELGELER/PROJERLER/VVADO/VERLOG/mux2to_1/mux2to_1.srcs/sim_1/new/coounter_4bit_tb.v" into library xil_defaultlib
INFO: [VRFC 10-311] analyzing module coounter_4bit_tb
INFO: [USF-XSim-69] 'compile' step finished in '1' seconds
INFO: [USF-XSim-3] XSim::Elaborate design
INFO: [USF-XSim-61] Executing 'ELABORATE' step in 'D:/BELGELER/PROJERLER/VVADO/VERLOG/mux2to_1/mux2to_1.sim/sim_1/behav/xsim'
Vivado Simulator 2018.3
Copyright 1986-1999, 2001-2018 Xilinx, Inc. All Rights Reserved.
Running: C:/Xilinx/Vivado/2018.3/bin/unwrapped/win64.o/xelab.exe -wto ae698d297ad140e6abafb41e82e84d57 --incr --debug typical --relax --mt 2 -L xil_defaultlib -L unisims_ver -L unimacro_ver -L secureip --snapshot coounter_4bit_tb_behav xil_defaultlib.coounter_4bit_tb xil_defaultlib.glbl -log elaborate.log 
Using 2 slave threads.
Starting static elaboration
Completed static elaboration
Starting simulation data flow analysis
Completed simulation data flow analysis
Time Resolution for simulation is 1ps
Compiling module xil_defaultlib.counter_4bit
Compiling module xil_defaultlib.coounter_4bit_tb
Compiling module xil_defaultlib.glbl
Built simulation snapshot coounter_4bit_tb_behav
INFO: [USF-XSim-69] 'elaborate' step finished in '2' seconds
INFO: [USF-XSim-4] XSim::Simulate design
INFO: [USF-XSim-61] Executing 'SIMULATE' step in 'D:/BELGELER/PROJERLER/VVADO/VERLOG/mux2to_1/mux2to_1.sim/sim_1/behav/xsim'
INFO: [USF-XSim-98] *** Running xsim
   with args "coounter_4bit_tb_behav -key {Behavioral:sim_1:Functional:coounter_4bit_tb} -tclbatch {coounter_4bit_tb.tcl} -log {simulate.log}"
INFO: [USF-XSim-8] Loading simulator feature
Vivado Simulator 2018.3
Time resolution is 1 ps
source coounter_4bit_tb.tcl
# set curr_wave [current_wave_config]
# if { [string length $curr_wave] == 0 } {
#   if { [llength [get_objects]] > 0} {
#     add_wave /
#     set_property needs_save false [current_wave_config]
#   } else {
#      send_msg_id Add_Wave-1 WARNING "No top level signals found. Simulator will start without a wave window. If you want to open a wave window go to 'File->New Waveform Configuration' or type 'create_wave_config' in the TCL console."
#   }
# }
# run 1000ns
INFO: [USF-XSim-96] XSim completed. Design snapshot 'coounter_4bit_tb_behav' loaded.
INFO: [USF-XSim-97] XSim simulation ran for 1000ns
launch_simulation: Time (s): cpu = 00:00:02 ; elapsed = 00:00:06 . Memory (MB): peak = 1661.758 ; gain = 8.125
close_sim
INFO: [Simtcl 6-16] Simulation closed
launch_simulation
INFO: [Vivado 12-5682] Launching behavioral simulation in 'D:/BELGELER/PROJERLER/VVADO/VERLOG/mux2to_1/mux2to_1.sim/sim_1/behav/xsim'
INFO: [SIM-utils-51] Simulation object is 'sim_1'
INFO: [SIM-utils-54] Inspecting design source files for 'coounter_4bit_tb' in fileset 'sim_1'...
INFO: [USF-XSim-97] Finding global include files...
INFO: [USF-XSim-98] Fetching design files from 'sim_1'...
INFO: [USF-XSim-2] XSim::Compile design
INFO: [USF-XSim-61] Executing 'COMPILE and ANALYZE' step in 'D:/BELGELER/PROJERLER/VVADO/VERLOG/mux2to_1/mux2to_1.sim/sim_1/behav/xsim'
"xvlog --incr --relax -prj coounter_4bit_tb_vlog.prj"
INFO: [VRFC 10-2263] Analyzing Verilog file "D:/BELGELER/PROJERLER/VVADO/VERLOG/mux2to_1/mux2to_1.srcs/sources_1/new/counter_4bit.v" into library xil_defaultlib
INFO: [VRFC 10-311] analyzing module counter_4bit
INFO: [VRFC 10-2263] Analyzing Verilog file "D:/BELGELER/PROJERLER/VVADO/VERLOG/mux2to_1/mux2to_1.srcs/sim_1/new/coounter_4bit_tb.v" into library xil_defaultlib
INFO: [VRFC 10-311] analyzing module coounter_4bit_tb
INFO: [USF-XSim-69] 'compile' step finished in '1' seconds
INFO: [USF-XSim-3] XSim::Elaborate design
INFO: [USF-XSim-61] Executing 'ELABORATE' step in 'D:/BELGELER/PROJERLER/VVADO/VERLOG/mux2to_1/mux2to_1.sim/sim_1/behav/xsim'
Vivado Simulator 2018.3
Copyright 1986-1999, 2001-2018 Xilinx, Inc. All Rights Reserved.
Running: C:/Xilinx/Vivado/2018.3/bin/unwrapped/win64.o/xelab.exe -wto ae698d297ad140e6abafb41e82e84d57 --incr --debug typical --relax --mt 2 -L xil_defaultlib -L unisims_ver -L unimacro_ver -L secureip --snapshot coounter_4bit_tb_behav xil_defaultlib.coounter_4bit_tb xil_defaultlib.glbl -log elaborate.log 
Using 2 slave threads.
Starting static elaboration
Completed static elaboration
Starting simulation data flow analysis
Completed simulation data flow analysis
Time Resolution for simulation is 1ps
Compiling module xil_defaultlib.counter_4bit
Compiling module xil_defaultlib.coounter_4bit_tb
Compiling module xil_defaultlib.glbl
Built simulation snapshot coounter_4bit_tb_behav
INFO: [USF-XSim-69] 'elaborate' step finished in '2' seconds
INFO: [USF-XSim-4] XSim::Simulate design
INFO: [USF-XSim-61] Executing 'SIMULATE' step in 'D:/BELGELER/PROJERLER/VVADO/VERLOG/mux2to_1/mux2to_1.sim/sim_1/behav/xsim'
INFO: [USF-XSim-98] *** Running xsim
   with args "coounter_4bit_tb_behav -key {Behavioral:sim_1:Functional:coounter_4bit_tb} -tclbatch {coounter_4bit_tb.tcl} -log {simulate.log}"
INFO: [USF-XSim-8] Loading simulator feature
Vivado Simulator 2018.3
Time resolution is 1 ps
source coounter_4bit_tb.tcl
# set curr_wave [current_wave_config]
# if { [string length $curr_wave] == 0 } {
#   if { [llength [get_objects]] > 0} {
#     add_wave /
#     set_property needs_save false [current_wave_config]
#   } else {
#      send_msg_id Add_Wave-1 WARNING "No top level signals found. Simulator will start without a wave window. If you want to open a wave window go to 'File->New Waveform Configuration' or type 'create_wave_config' in the TCL console."
#   }
# }
# run 1000ns
INFO: [USF-XSim-96] XSim completed. Design snapshot 'coounter_4bit_tb_behav' loaded.
INFO: [USF-XSim-97] XSim simulation ran for 1000ns
launch_simulation: Time (s): cpu = 00:00:02 ; elapsed = 00:00:06 . Memory (MB): peak = 1661.758 ; gain = 0.000
save_wave_config {D:/BELGELER/PROJERLER/VVADO/VERLOG/mux2to_1/coounter_4bit_tb_behav.wcfg}
add_files -fileset sim_1 -norecurse D:/BELGELER/PROJERLER/VVADO/VERLOG/mux2to_1/coounter_4bit_tb_behav.wcfg
set_property xsim.view D:/BELGELER/PROJERLER/VVADO/VERLOG/mux2to_1/coounter_4bit_tb_behav.wcfg [get_filesets sim_1]
close_sim
INFO: [Simtcl 6-16] Simulation closed
exit
INFO: [Common 17-206] Exiting Vivado at Tue Jan  5 21:39:27 2021...
